<?xml version="1.0" encoding="UTF-8"?>
<!-- Generated by org.testng.reporters.JUnitXMLReporter -->
<testsuite ignored="0" hostname="Nikhil" failures="1" tests="9" name="Test" time="101.52" errors="0" timestamp="2025-03-04T17:02:01 IST">
  <testcase classname="com.main.testcases.HomepageTest" name="verifyDropdownSection" time="4.733"/>
  <testcase classname="com.main.testcases.HomepageTest" name="verifyLoginDropdown" time="0.212"/>
  <testcase classname="com.main.testcases.LoginPageTest" name="checkingEmailTextBox" time="0.074"/>
  <testcase classname="com.main.testcases.LoginPageTest" name="checkingPasswordTextBox" time="0.116"/>
  <testcase classname="com.main.testcases.LoginPageTest" name="checkingMainLoginButton" time="0.121"/>
  <testcase classname="com.main.testcases.AccountPageTest" name="checkingAccountpageElement" time="0.118"/>
  <testcase classname="com.main.testcases.AccountPageTest" name="checkingDesktopElement" time="0.085"/>
  <testcase classname="com.main.testcases.AccountPageTest" name="verifyUrl" time="0.09">
    <skipped/>
  </testcase> <!-- verifyUrl -->
  <testcase classname="com.main.testcases.AccountPageTest" name="verifyUrl" time="0.097">
    <failure type="java.lang.AssertionError" message="expected [https://tutorialsninja.com/demo/index.php?route=account/accoun] but found [https://tutorialsninja.com/demo/index.php?route=account/account]">
      <![CDATA[java.lang.AssertionError: expected [https://tutorialsninja.com/demo/index.php?route=account/accoun] but found [https://tutorialsninja.com/demo/index.php?route=account/account]
at com.main.testcases.AccountPageTest.verifyUrl(AccountPageTest.java:40)
at java.base/java.util.ArrayList.forEach(ArrayList.java:1511)
... Removed 33 stack frames]]>
    </failure>
  </testcase> <!-- verifyUrl -->
</testsuite> <!-- Test -->
