<?xml version="1.0" encoding="UTF-8"?>
<!-- Generated by org.testng.reporters.JUnitXMLReporter -->
<testsuite ignored="0" hostname="Nikhil" failures="1" tests="9" name="Test" time="32.023" errors="0" timestamp="2025-03-05T12:01:39 IST">
  <testcase classname="com.main.testcases.HomepageTest" name="verifyDropdownSection" time="0.077"/>
  <testcase classname="com.main.testcases.HomepageTest" name="verifyLoginDropdown" time="0.186"/>
  <testcase classname="com.main.testcases.LoginPageTest" name="checkingEmailTextBox" time="0.067"/>
  <testcase classname="com.main.testcases.LoginPageTest" name="checkingPasswordTextBox" time="0.065"/>
  <testcase classname="com.main.testcases.LoginPageTest" name="checkingMainLoginButton" time="0.051"/>
  <testcase classname="com.main.testcases.AccountPageTest" name="checkingAccountpageElement" time="0.051"/>
  <testcase classname="com.main.testcases.AccountPageTest" name="checkingDesktopElement" time="0.034"/>
  <testcase classname="com.main.testcases.AccountPageTest" name="verifyUrl" time="0.02">
    <skipped/>
  </testcase> <!-- verifyUrl -->
  <testcase classname="com.main.testcases.AccountPageTest" name="verifyUrl" time="0.018">
    <failure type="java.lang.AssertionError" message="expected [https://tutorialsninja.com/demo/index.php?route=account/accoun] but found [https://tutorialsninja.com/demo/index.php?route=account/account]">
      <![CDATA[java.lang.AssertionError: expected [https://tutorialsninja.com/demo/index.php?route=account/accoun] but found [https://tutorialsninja.com/demo/index.php?route=account/account]
at com.main.testcases.AccountPageTest.verifyUrl(AccountPageTest.java:48)
at java.base/java.util.ArrayList.forEach(ArrayList.java:1511)
... Removed 37 stack frames]]>
    </failure>
  </testcase> <!-- verifyUrl -->
</testsuite> <!-- Test -->
