<?xml version="1.0" encoding="UTF-8"?>
<testng-results retried="1" ignored="1" total="10" passed="7" failed="1" skipped="0">
  <reporter-output>
  </reporter-output>
  <suite started-at="2025-03-05T12:01:07 IST" name="Suite" finished-at="2025-03-05T12:01:39 IST" duration-ms="32023">
    <groups>
    </groups>
    <test started-at="2025-03-05T12:01:07 IST" name="Test" finished-at="2025-03-05T12:01:39 IST" duration-ms="32023">
      <class name="com.main.testcases.AccountPageTest">
        <test-method is-config="true" signature="setup()[pri:0, instance:com.main.testcases.AccountPageTest@8576fa0]" started-at="2025-03-05T12:01:22 IST" name="setup" finished-at="2025-03-05T12:01:26 IST" duration-ms="3859" status="PASS">
          <reporter-output>
          </reporter-output>
        </test-method> <!-- setup -->
        <test-method signature="checkingAccountpageElement()[pri:1, instance:com.main.testcases.AccountPageTest@8576fa0]" started-at="2025-03-05T12:01:26 IST" name="checkingAccountpageElement" finished-at="2025-03-05T12:01:26 IST" duration-ms="51" status="PASS">
          <reporter-output>
          </reporter-output>
        </test-method> <!-- checkingAccountpageElement -->
        <test-method is-config="true" signature="tearDown()[pri:0, instance:com.main.testcases.AccountPageTest@8576fa0]" started-at="2025-03-05T12:01:26 IST" name="tearDown" finished-at="2025-03-05T12:01:26 IST" duration-ms="137" status="PASS">
          <reporter-output>
          </reporter-output>
        </test-method> <!-- tearDown -->
        <test-method is-config="true" signature="setup()[pri:0, instance:com.main.testcases.AccountPageTest@8576fa0]" started-at="2025-03-05T12:01:26 IST" name="setup" finished-at="2025-03-05T12:01:30 IST" duration-ms="3529" status="PASS">
          <reporter-output>
          </reporter-output>
        </test-method> <!-- setup -->
        <test-method signature="checkingDesktopElement()[pri:2, instance:com.main.testcases.AccountPageTest@8576fa0]" started-at="2025-03-05T12:01:30 IST" name="checkingDesktopElement" finished-at="2025-03-05T12:01:30 IST" duration-ms="34" status="PASS">
          <reporter-output>
          </reporter-output>
        </test-method> <!-- checkingDesktopElement -->
        <test-method is-config="true" signature="tearDown()[pri:0, instance:com.main.testcases.AccountPageTest@8576fa0]" started-at="2025-03-05T12:01:30 IST" name="tearDown" finished-at="2025-03-05T12:01:30 IST" duration-ms="97" status="PASS">
          <reporter-output>
          </reporter-output>
        </test-method> <!-- tearDown -->
        <test-method is-config="true" signature="setup()[pri:0, instance:com.main.testcases.AccountPageTest@8576fa0]" started-at="2025-03-05T12:01:30 IST" name="setup" finished-at="2025-03-05T12:01:34 IST" duration-ms="3995" status="PASS">
          <reporter-output>
          </reporter-output>
        </test-method> <!-- setup -->
        <test-method retried="true" signature="verifyUrl()[pri:3, instance:com.main.testcases.AccountPageTest@8576fa0]" started-at="2025-03-05T12:01:34 IST" name="verifyUrl" finished-at="2025-03-05T12:01:34 IST" duration-ms="20" status="SKIP">
          <exception class="java.lang.AssertionError">
            <message>
              <![CDATA[expected [https://tutorialsninja.com/demo/index.php?route=account/accoun] but found [https://tutorialsninja.com/demo/index.php?route=account/account]]]>
            </message>
            <full-stacktrace>
              <![CDATA[java.lang.AssertionError: expected [https://tutorialsninja.com/demo/index.php?route=account/accoun] but found [https://tutorialsninja.com/demo/index.php?route=account/account]
at org.testng.Assert.fail(Assert.java:111)
at org.testng.Assert.failNotEquals(Assert.java:1578)
at org.testng.Assert.assertEqualsImpl(Assert.java:150)
at org.testng.Assert.assertEquals(Assert.java:132)
at org.testng.Assert.assertEquals(Assert.java:656)
at org.testng.Assert.assertEquals(Assert.java:666)
at com.main.testcases.AccountPageTest.verifyUrl(AccountPageTest.java:48)
at java.base/jdk.internal.reflect.NativeMethodAccessorImpl.invoke0(Native Method)
at java.base/jdk.internal.reflect.NativeMethodAccessorImpl.invoke(NativeMethodAccessorImpl.java:77)
at java.base/jdk.internal.reflect.DelegatingMethodAccessorImpl.invoke(DelegatingMethodAccessorImpl.java:43)
at java.base/java.lang.reflect.Method.invoke(Method.java:568)
at org.testng.internal.invokers.MethodInvocationHelper.invokeMethod(MethodInvocationHelper.java:141)
at org.testng.internal.invokers.TestInvoker.invokeMethod(TestInvoker.java:686)
at org.testng.internal.invokers.TestInvoker.invokeTestMethod(TestInvoker.java:230)
at org.testng.internal.invokers.MethodRunner.runInSequence(MethodRunner.java:63)
at org.testng.internal.invokers.TestInvoker$MethodInvocationAgent.invoke(TestInvoker.java:992)
at org.testng.internal.invokers.TestInvoker.invokeTestMethods(TestInvoker.java:203)
at org.testng.internal.invokers.TestMethodWorker.invokeTestMethods(TestMethodWorker.java:154)
at org.testng.internal.invokers.TestMethodWorker.run(TestMethodWorker.java:134)
at java.base/java.util.ArrayList.forEach(ArrayList.java:1511)
at org.testng.TestRunner.privateRun(TestRunner.java:739)
at org.testng.TestRunner.run(TestRunner.java:614)
at org.testng.SuiteRunner.runTest(SuiteRunner.java:421)
at org.testng.SuiteRunner.runSequentially(SuiteRunner.java:413)
at org.testng.SuiteRunner.privateRun(SuiteRunner.java:373)
at org.testng.SuiteRunner.run(SuiteRunner.java:312)
at org.testng.SuiteRunnerWorker.runSuite(SuiteRunnerWorker.java:52)
at org.testng.SuiteRunnerWorker.run(SuiteRunnerWorker.java:95)
at org.testng.TestNG.runSuitesSequentially(TestNG.java:1274)
at org.testng.TestNG.runSuitesLocally(TestNG.java:1208)
at org.testng.TestNG.runSuites(TestNG.java:1112)
at org.testng.TestNG.run(TestNG.java:1079)
at org.apache.maven.surefire.testng.TestNGExecutor.run(TestNGExecutor.java:324)
at org.apache.maven.surefire.testng.TestNGXmlTestSuite.execute(TestNGXmlTestSuite.java:74)
at org.apache.maven.surefire.testng.TestNGProvider.invoke(TestNGProvider.java:123)
at org.apache.maven.surefire.booter.ForkedBooter.runSuitesInProcess(ForkedBooter.java:456)
at org.apache.maven.surefire.booter.ForkedBooter.execute(ForkedBooter.java:169)
at org.apache.maven.surefire.booter.ForkedBooter.run(ForkedBooter.java:595)
at org.apache.maven.surefire.booter.ForkedBooter.main(ForkedBooter.java:581)
]]>
            </full-stacktrace>
          </exception> <!-- java.lang.AssertionError -->
          <reporter-output>
          </reporter-output>
        </test-method> <!-- verifyUrl -->
        <test-method is-config="true" signature="tearDown()[pri:0, instance:com.main.testcases.AccountPageTest@8576fa0]" started-at="2025-03-05T12:01:34 IST" name="tearDown" finished-at="2025-03-05T12:01:34 IST" duration-ms="69" status="PASS">
          <reporter-output>
          </reporter-output>
        </test-method> <!-- tearDown -->
        <test-method is-config="true" signature="setup()[pri:0, instance:com.main.testcases.AccountPageTest@8576fa0]" started-at="2025-03-05T12:01:34 IST" name="setup" finished-at="2025-03-05T12:01:38 IST" duration-ms="4075" status="PASS">
          <reporter-output>
          </reporter-output>
        </test-method> <!-- setup -->
        <test-method signature="verifyUrl()[pri:3, instance:com.main.testcases.AccountPageTest@8576fa0]" started-at="2025-03-05T12:01:38 IST" name="verifyUrl" finished-at="2025-03-05T12:01:38 IST" duration-ms="18" status="FAIL">
          <exception class="java.lang.AssertionError">
            <message>
              <![CDATA[expected [https://tutorialsninja.com/demo/index.php?route=account/accoun] but found [https://tutorialsninja.com/demo/index.php?route=account/account]]]>
            </message>
            <full-stacktrace>
              <![CDATA[java.lang.AssertionError: expected [https://tutorialsninja.com/demo/index.php?route=account/accoun] but found [https://tutorialsninja.com/demo/index.php?route=account/account]
at org.testng.Assert.fail(Assert.java:111)
at org.testng.Assert.failNotEquals(Assert.java:1578)
at org.testng.Assert.assertEqualsImpl(Assert.java:150)
at org.testng.Assert.assertEquals(Assert.java:132)
at org.testng.Assert.assertEquals(Assert.java:656)
at org.testng.Assert.assertEquals(Assert.java:666)
at com.main.testcases.AccountPageTest.verifyUrl(AccountPageTest.java:48)
at java.base/jdk.internal.reflect.NativeMethodAccessorImpl.invoke0(Native Method)
at java.base/jdk.internal.reflect.NativeMethodAccessorImpl.invoke(NativeMethodAccessorImpl.java:77)
at java.base/jdk.internal.reflect.DelegatingMethodAccessorImpl.invoke(DelegatingMethodAccessorImpl.java:43)
at java.base/java.lang.reflect.Method.invoke(Method.java:568)
at org.testng.internal.invokers.MethodInvocationHelper.invokeMethod(MethodInvocationHelper.java:141)
at org.testng.internal.invokers.TestInvoker.invokeMethod(TestInvoker.java:686)
at org.testng.internal.invokers.TestInvoker.retryFailed(TestInvoker.java:269)
at org.testng.internal.invokers.MethodRunner.runInSequence(MethodRunner.java:76)
at org.testng.internal.invokers.TestInvoker$MethodInvocationAgent.invoke(TestInvoker.java:992)
at org.testng.internal.invokers.TestInvoker.invokeTestMethods(TestInvoker.java:203)
at org.testng.internal.invokers.TestMethodWorker.invokeTestMethods(TestMethodWorker.java:154)
at org.testng.internal.invokers.TestMethodWorker.run(TestMethodWorker.java:134)
at java.base/java.util.ArrayList.forEach(ArrayList.java:1511)
at org.testng.TestRunner.privateRun(TestRunner.java:739)
at org.testng.TestRunner.run(TestRunner.java:614)
at org.testng.SuiteRunner.runTest(SuiteRunner.java:421)
at org.testng.SuiteRunner.runSequentially(SuiteRunner.java:413)
at org.testng.SuiteRunner.privateRun(SuiteRunner.java:373)
at org.testng.SuiteRunner.run(SuiteRunner.java:312)
at org.testng.SuiteRunnerWorker.runSuite(SuiteRunnerWorker.java:52)
at org.testng.SuiteRunnerWorker.run(SuiteRunnerWorker.java:95)
at org.testng.TestNG.runSuitesSequentially(TestNG.java:1274)
at org.testng.TestNG.runSuitesLocally(TestNG.java:1208)
at org.testng.TestNG.runSuites(TestNG.java:1112)
at org.testng.TestNG.run(TestNG.java:1079)
at org.apache.maven.surefire.testng.TestNGExecutor.run(TestNGExecutor.java:324)
at org.apache.maven.surefire.testng.TestNGXmlTestSuite.execute(TestNGXmlTestSuite.java:74)
at org.apache.maven.surefire.testng.TestNGProvider.invoke(TestNGProvider.java:123)
at org.apache.maven.surefire.booter.ForkedBooter.runSuitesInProcess(ForkedBooter.java:456)
at org.apache.maven.surefire.booter.ForkedBooter.execute(ForkedBooter.java:169)
at org.apache.maven.surefire.booter.ForkedBooter.run(ForkedBooter.java:595)
at org.apache.maven.surefire.booter.ForkedBooter.main(ForkedBooter.java:581)
]]>
            </full-stacktrace>
          </exception> <!-- java.lang.AssertionError -->
          <reporter-output>
          </reporter-output>
        </test-method> <!-- verifyUrl -->
        <test-method is-config="true" signature="tearDown()[pri:0, instance:com.main.testcases.AccountPageTest@8576fa0]" started-at="2025-03-05T12:01:38 IST" name="tearDown" finished-at="2025-03-05T12:01:39 IST" duration-ms="62" status="PASS">
          <reporter-output>
          </reporter-output>
        </test-method> <!-- tearDown -->
      </class> <!-- com.main.testcases.AccountPageTest -->
      <class name="com.main.testcases.HomepageTest">
        <test-method is-config="true" signature="setup()[pri:0, instance:com.main.testcases.HomepageTest@74bf1791]" started-at="2025-03-05T12:01:07 IST" name="setup" finished-at="2025-03-05T12:01:11 IST" duration-ms="3679" status="PASS">
          <reporter-output>
          </reporter-output>
        </test-method> <!-- setup -->
        <test-method signature="verifyDropdownSection()[pri:1, instance:com.main.testcases.HomepageTest@74bf1791]" started-at="2025-03-05T12:01:11 IST" name="verifyDropdownSection" finished-at="2025-03-05T12:01:11 IST" duration-ms="77" status="PASS">
          <reporter-output>
          </reporter-output>
        </test-method> <!-- verifyDropdownSection -->
        <test-method is-config="true" signature="tearDown()[pri:0, instance:com.main.testcases.HomepageTest@74bf1791]" started-at="2025-03-05T12:01:11 IST" name="tearDown" finished-at="2025-03-05T12:01:11 IST" duration-ms="105" status="PASS">
          <reporter-output>
          </reporter-output>
        </test-method> <!-- tearDown -->
        <test-method is-config="true" signature="setup()[pri:0, instance:com.main.testcases.HomepageTest@74bf1791]" started-at="2025-03-05T12:01:11 IST" name="setup" finished-at="2025-03-05T12:01:14 IST" duration-ms="2848" status="PASS">
          <reporter-output>
          </reporter-output>
        </test-method> <!-- setup -->
        <test-method signature="verifyLoginDropdown()[pri:2, instance:com.main.testcases.HomepageTest@74bf1791]" started-at="2025-03-05T12:01:14 IST" name="verifyLoginDropdown" finished-at="2025-03-05T12:01:14 IST" duration-ms="186" status="PASS">
          <reporter-output>
          </reporter-output>
        </test-method> <!-- verifyLoginDropdown -->
        <test-method is-config="true" signature="tearDown()[pri:0, instance:com.main.testcases.HomepageTest@74bf1791]" started-at="2025-03-05T12:01:14 IST" name="tearDown" finished-at="2025-03-05T12:01:14 IST" duration-ms="108" status="PASS">
          <reporter-output>
          </reporter-output>
        </test-method> <!-- tearDown -->
      </class> <!-- com.main.testcases.HomepageTest -->
      <class name="com.main.testcases.LoginPageTest">
        <test-method is-config="true" signature="setup()[pri:0, instance:com.main.testcases.LoginPageTest@558bdf1f]" started-at="2025-03-05T12:01:14 IST" name="setup" finished-at="2025-03-05T12:01:17 IST" duration-ms="2710" status="PASS">
          <reporter-output>
          </reporter-output>
        </test-method> <!-- setup -->
        <test-method signature="checkingEmailTextBox()[pri:1, instance:com.main.testcases.LoginPageTest@558bdf1f]" started-at="2025-03-05T12:01:17 IST" name="checkingEmailTextBox" finished-at="2025-03-05T12:01:17 IST" duration-ms="67" status="PASS">
          <reporter-output>
          </reporter-output>
        </test-method> <!-- checkingEmailTextBox -->
        <test-method is-config="true" signature="tearDown()[pri:0, instance:com.main.testcases.LoginPageTest@558bdf1f]" started-at="2025-03-05T12:01:17 IST" name="tearDown" finished-at="2025-03-05T12:01:17 IST" duration-ms="86" status="PASS">
          <reporter-output>
          </reporter-output>
        </test-method> <!-- tearDown -->
        <test-method is-config="true" signature="setup()[pri:0, instance:com.main.testcases.LoginPageTest@558bdf1f]" started-at="2025-03-05T12:01:17 IST" name="setup" finished-at="2025-03-05T12:01:19 IST" duration-ms="2640" status="PASS">
          <reporter-output>
          </reporter-output>
        </test-method> <!-- setup -->
        <test-method signature="checkingPasswordTextBox()[pri:2, instance:com.main.testcases.LoginPageTest@558bdf1f]" started-at="2025-03-05T12:01:19 IST" name="checkingPasswordTextBox" finished-at="2025-03-05T12:01:19 IST" duration-ms="65" status="PASS">
          <reporter-output>
          </reporter-output>
        </test-method> <!-- checkingPasswordTextBox -->
        <test-method is-config="true" signature="tearDown()[pri:0, instance:com.main.testcases.LoginPageTest@558bdf1f]" started-at="2025-03-05T12:01:19 IST" name="tearDown" finished-at="2025-03-05T12:01:20 IST" duration-ms="100" status="PASS">
          <reporter-output>
          </reporter-output>
        </test-method> <!-- tearDown -->
        <test-method is-config="true" signature="setup()[pri:0, instance:com.main.testcases.LoginPageTest@558bdf1f]" started-at="2025-03-05T12:01:20 IST" name="setup" finished-at="2025-03-05T12:01:22 IST" duration-ms="2704" status="PASS">
          <reporter-output>
          </reporter-output>
        </test-method> <!-- setup -->
        <test-method signature="checkingMainLoginButton()[pri:3, instance:com.main.testcases.LoginPageTest@558bdf1f]" started-at="2025-03-05T12:01:22 IST" name="checkingMainLoginButton" finished-at="2025-03-05T12:01:22 IST" duration-ms="51" status="PASS">
          <reporter-output>
          </reporter-output>
        </test-method> <!-- checkingMainLoginButton -->
        <test-method is-config="true" signature="tearDown()[pri:0, instance:com.main.testcases.LoginPageTest@558bdf1f]" started-at="2025-03-05T12:01:22 IST" name="tearDown" finished-at="2025-03-05T12:01:22 IST" duration-ms="86" status="PASS">
          <reporter-output>
          </reporter-output>
        </test-method> <!-- tearDown -->
      </class> <!-- com.main.testcases.LoginPageTest -->
    </test> <!-- Test -->
  </suite> <!-- Suite -->
</testng-results>
