<?xml version="1.0" encoding="UTF-8"?>
<testng-results retried="1" ignored="0" total="9" passed="7" failed="1" skipped="0">
  <reporter-output>
  </reporter-output>
  <suite started-at="2025-03-04T17:00:19 IST" name="Suite" finished-at="2025-03-04T17:02:01 IST" duration-ms="101520">
    <groups>
    </groups>
    <test started-at="2025-03-04T17:00:19 IST" name="Test" finished-at="2025-03-04T17:02:01 IST" duration-ms="101520">
      <class name="com.main.testcases.AccountPageTest">
        <test-method is-config="true" signature="setup()[pri:0, instance:com.main.testcases.AccountPageTest@602e0143]" started-at="2025-03-04T17:01:24 IST" name="setup" finished-at="2025-03-04T17:01:34 IST" duration-ms="10101" status="PASS">
          <reporter-output>
          </reporter-output>
        </test-method> <!-- setup -->
        <test-method signature="checkingAccountpageElement()[pri:1, instance:com.main.testcases.AccountPageTest@602e0143]" started-at="2025-03-04T17:01:34 IST" name="checkingAccountpageElement" finished-at="2025-03-04T17:01:34 IST" duration-ms="118" status="PASS">
          <reporter-output>
          </reporter-output>
        </test-method> <!-- checkingAccountpageElement -->
        <test-method is-config="true" signature="tearDown()[pri:0, instance:com.main.testcases.AccountPageTest@602e0143]" started-at="2025-03-04T17:01:34 IST" name="tearDown" finished-at="2025-03-04T17:01:34 IST" duration-ms="153" status="PASS">
          <reporter-output>
          </reporter-output>
        </test-method> <!-- tearDown -->
        <test-method is-config="true" signature="setup()[pri:0, instance:com.main.testcases.AccountPageTest@602e0143]" started-at="2025-03-04T17:01:34 IST" name="setup" finished-at="2025-03-04T17:01:39 IST" duration-ms="4365" status="PASS">
          <reporter-output>
          </reporter-output>
        </test-method> <!-- setup -->
        <test-method signature="checkingDesktopElement()[pri:2, instance:com.main.testcases.AccountPageTest@602e0143]" started-at="2025-03-04T17:01:39 IST" name="checkingDesktopElement" finished-at="2025-03-04T17:01:39 IST" duration-ms="85" status="PASS">
          <reporter-output>
          </reporter-output>
        </test-method> <!-- checkingDesktopElement -->
        <test-method is-config="true" signature="tearDown()[pri:0, instance:com.main.testcases.AccountPageTest@602e0143]" started-at="2025-03-04T17:01:39 IST" name="tearDown" finished-at="2025-03-04T17:01:39 IST" duration-ms="102" status="PASS">
          <reporter-output>
          </reporter-output>
        </test-method> <!-- tearDown -->
        <test-method is-config="true" signature="setup()[pri:0, instance:com.main.testcases.AccountPageTest@602e0143]" started-at="2025-03-04T17:01:39 IST" name="setup" finished-at="2025-03-04T17:01:48 IST" duration-ms="9611" status="PASS">
          <reporter-output>
          </reporter-output>
        </test-method> <!-- setup -->
        <test-method retried="true" signature="verifyUrl()[pri:3, instance:com.main.testcases.AccountPageTest@602e0143]" started-at="2025-03-04T17:01:48 IST" name="verifyUrl" finished-at="2025-03-04T17:01:49 IST" duration-ms="90" status="SKIP">
          <exception class="java.lang.AssertionError">
            <message>
              <![CDATA[expected [https://tutorialsninja.com/demo/index.php?route=account/accoun] but found [https://tutorialsninja.com/demo/index.php?route=account/account]]]>
            </message>
            <full-stacktrace>
              <![CDATA[java.lang.AssertionError: expected [https://tutorialsninja.com/demo/index.php?route=account/accoun] but found [https://tutorialsninja.com/demo/index.php?route=account/account]
at org.testng.Assert.fail(Assert.java:99)
at org.testng.Assert.failNotEquals(Assert.java:1037)
at org.testng.Assert.assertEqualsImpl(Assert.java:140)
at org.testng.Assert.assertEquals(Assert.java:122)
at org.testng.Assert.assertEquals(Assert.java:629)
at org.testng.Assert.assertEquals(Assert.java:639)
at com.main.testcases.AccountPageTest.verifyUrl(AccountPageTest.java:40)
at java.base/jdk.internal.reflect.NativeMethodAccessorImpl.invoke0(Native Method)
at java.base/jdk.internal.reflect.NativeMethodAccessorImpl.invoke(NativeMethodAccessorImpl.java:77)
at java.base/jdk.internal.reflect.DelegatingMethodAccessorImpl.invoke(DelegatingMethodAccessorImpl.java:43)
at java.base/java.lang.reflect.Method.invoke(Method.java:568)
at org.testng.internal.MethodInvocationHelper.invokeMethod(MethodInvocationHelper.java:133)
at org.testng.internal.TestInvoker.invokeMethod(TestInvoker.java:598)
at org.testng.internal.TestInvoker.invokeTestMethod(TestInvoker.java:173)
at org.testng.internal.MethodRunner.runInSequence(MethodRunner.java:46)
at org.testng.internal.TestInvoker$MethodInvocationAgent.invoke(TestInvoker.java:824)
at org.testng.internal.TestInvoker.invokeTestMethods(TestInvoker.java:146)
at org.testng.internal.TestMethodWorker.invokeTestMethods(TestMethodWorker.java:146)
at org.testng.internal.TestMethodWorker.run(TestMethodWorker.java:128)
at java.base/java.util.ArrayList.forEach(ArrayList.java:1511)
at org.testng.TestRunner.privateRun(TestRunner.java:794)
at org.testng.TestRunner.run(TestRunner.java:596)
at org.testng.SuiteRunner.runTest(SuiteRunner.java:377)
at org.testng.SuiteRunner.runSequentially(SuiteRunner.java:371)
at org.testng.SuiteRunner.privateRun(SuiteRunner.java:332)
at org.testng.SuiteRunner.run(SuiteRunner.java:276)
at org.testng.SuiteRunnerWorker.runSuite(SuiteRunnerWorker.java:53)
at org.testng.SuiteRunnerWorker.run(SuiteRunnerWorker.java:96)
at org.testng.TestNG.runSuitesSequentially(TestNG.java:1212)
at org.testng.TestNG.runSuitesLocally(TestNG.java:1134)
at org.testng.TestNG.runSuites(TestNG.java:1063)
at org.testng.TestNG.run(TestNG.java:1031)
at org.testng.remote.AbstractRemoteTestNG.run(AbstractRemoteTestNG.java:115)
at org.testng.remote.RemoteTestNG.initAndRun(RemoteTestNG.java:293)
at org.testng.remote.RemoteTestNG.main(RemoteTestNG.java:91)
]]>
            </full-stacktrace>
          </exception> <!-- java.lang.AssertionError -->
          <reporter-output>
          </reporter-output>
        </test-method> <!-- verifyUrl -->
        <test-method is-config="true" signature="tearDown()[pri:0, instance:com.main.testcases.AccountPageTest@602e0143]" started-at="2025-03-04T17:01:49 IST" name="tearDown" finished-at="2025-03-04T17:01:49 IST" duration-ms="150" status="PASS">
          <reporter-output>
          </reporter-output>
        </test-method> <!-- tearDown -->
        <test-method is-config="true" signature="setup()[pri:0, instance:com.main.testcases.AccountPageTest@602e0143]" started-at="2025-03-04T17:01:49 IST" name="setup" finished-at="2025-03-04T17:02:00 IST" duration-ms="11530" status="PASS">
          <reporter-output>
          </reporter-output>
        </test-method> <!-- setup -->
        <test-method signature="verifyUrl()[pri:3, instance:com.main.testcases.AccountPageTest@602e0143]" started-at="2025-03-04T17:02:00 IST" name="verifyUrl" finished-at="2025-03-04T17:02:00 IST" duration-ms="97" status="FAIL">
          <exception class="java.lang.AssertionError">
            <message>
              <![CDATA[expected [https://tutorialsninja.com/demo/index.php?route=account/accoun] but found [https://tutorialsninja.com/demo/index.php?route=account/account]]]>
            </message>
            <full-stacktrace>
              <![CDATA[java.lang.AssertionError: expected [https://tutorialsninja.com/demo/index.php?route=account/accoun] but found [https://tutorialsninja.com/demo/index.php?route=account/account]
at org.testng.Assert.fail(Assert.java:99)
at org.testng.Assert.failNotEquals(Assert.java:1037)
at org.testng.Assert.assertEqualsImpl(Assert.java:140)
at org.testng.Assert.assertEquals(Assert.java:122)
at org.testng.Assert.assertEquals(Assert.java:629)
at org.testng.Assert.assertEquals(Assert.java:639)
at com.main.testcases.AccountPageTest.verifyUrl(AccountPageTest.java:40)
at java.base/jdk.internal.reflect.NativeMethodAccessorImpl.invoke0(Native Method)
at java.base/jdk.internal.reflect.NativeMethodAccessorImpl.invoke(NativeMethodAccessorImpl.java:77)
at java.base/jdk.internal.reflect.DelegatingMethodAccessorImpl.invoke(DelegatingMethodAccessorImpl.java:43)
at java.base/java.lang.reflect.Method.invoke(Method.java:568)
at org.testng.internal.MethodInvocationHelper.invokeMethod(MethodInvocationHelper.java:133)
at org.testng.internal.TestInvoker.invokeMethod(TestInvoker.java:598)
at org.testng.internal.TestInvoker.retryFailed(TestInvoker.java:213)
at org.testng.internal.MethodRunner.runInSequence(MethodRunner.java:58)
at org.testng.internal.TestInvoker$MethodInvocationAgent.invoke(TestInvoker.java:824)
at org.testng.internal.TestInvoker.invokeTestMethods(TestInvoker.java:146)
at org.testng.internal.TestMethodWorker.invokeTestMethods(TestMethodWorker.java:146)
at org.testng.internal.TestMethodWorker.run(TestMethodWorker.java:128)
at java.base/java.util.ArrayList.forEach(ArrayList.java:1511)
at org.testng.TestRunner.privateRun(TestRunner.java:794)
at org.testng.TestRunner.run(TestRunner.java:596)
at org.testng.SuiteRunner.runTest(SuiteRunner.java:377)
at org.testng.SuiteRunner.runSequentially(SuiteRunner.java:371)
at org.testng.SuiteRunner.privateRun(SuiteRunner.java:332)
at org.testng.SuiteRunner.run(SuiteRunner.java:276)
at org.testng.SuiteRunnerWorker.runSuite(SuiteRunnerWorker.java:53)
at org.testng.SuiteRunnerWorker.run(SuiteRunnerWorker.java:96)
at org.testng.TestNG.runSuitesSequentially(TestNG.java:1212)
at org.testng.TestNG.runSuitesLocally(TestNG.java:1134)
at org.testng.TestNG.runSuites(TestNG.java:1063)
at org.testng.TestNG.run(TestNG.java:1031)
at org.testng.remote.AbstractRemoteTestNG.run(AbstractRemoteTestNG.java:115)
at org.testng.remote.RemoteTestNG.initAndRun(RemoteTestNG.java:293)
at org.testng.remote.RemoteTestNG.main(RemoteTestNG.java:91)
]]>
            </full-stacktrace>
          </exception> <!-- java.lang.AssertionError -->
          <reporter-output>
          </reporter-output>
        </test-method> <!-- verifyUrl -->
        <test-method is-config="true" signature="tearDown()[pri:0, instance:com.main.testcases.AccountPageTest@602e0143]" started-at="2025-03-04T17:02:01 IST" name="tearDown" finished-at="2025-03-04T17:02:01 IST" duration-ms="137" status="PASS">
          <reporter-output>
          </reporter-output>
        </test-method> <!-- tearDown -->
      </class> <!-- com.main.testcases.AccountPageTest -->
      <class name="com.main.testcases.HomepageTest">
        <test-method is-config="true" signature="setup()[pri:0, instance:com.main.testcases.HomepageTest@5f9be66c]" started-at="2025-03-04T17:00:20 IST" name="setup" finished-at="2025-03-04T17:00:39 IST" duration-ms="19564" status="PASS">
          <reporter-output>
          </reporter-output>
        </test-method> <!-- setup -->
        <test-method signature="verifyDropdownSection()[pri:1, instance:com.main.testcases.HomepageTest@5f9be66c]" started-at="2025-03-04T17:00:39 IST" name="verifyDropdownSection" finished-at="2025-03-04T17:00:44 IST" duration-ms="4733" status="PASS">
          <reporter-output>
          </reporter-output>
        </test-method> <!-- verifyDropdownSection -->
        <test-method is-config="true" signature="tearDown()[pri:0, instance:com.main.testcases.HomepageTest@5f9be66c]" started-at="2025-03-04T17:00:44 IST" name="tearDown" finished-at="2025-03-04T17:00:44 IST" duration-ms="162" status="PASS">
          <reporter-output>
          </reporter-output>
        </test-method> <!-- tearDown -->
        <test-method is-config="true" signature="setup()[pri:0, instance:com.main.testcases.HomepageTest@5f9be66c]" started-at="2025-03-04T17:00:44 IST" name="setup" finished-at="2025-03-04T17:00:47 IST" duration-ms="3187" status="PASS">
          <reporter-output>
          </reporter-output>
        </test-method> <!-- setup -->
        <test-method signature="verifyLoginDropdown()[pri:2, instance:com.main.testcases.HomepageTest@5f9be66c]" started-at="2025-03-04T17:00:47 IST" name="verifyLoginDropdown" finished-at="2025-03-04T17:00:47 IST" duration-ms="212" status="PASS">
          <reporter-output>
          </reporter-output>
        </test-method> <!-- verifyLoginDropdown -->
        <test-method is-config="true" signature="tearDown()[pri:0, instance:com.main.testcases.HomepageTest@5f9be66c]" started-at="2025-03-04T17:00:47 IST" name="tearDown" finished-at="2025-03-04T17:00:47 IST" duration-ms="111" status="PASS">
          <reporter-output>
          </reporter-output>
        </test-method> <!-- tearDown -->
      </class> <!-- com.main.testcases.HomepageTest -->
      <class name="com.main.testcases.LoginPageTest">
        <test-method is-config="true" signature="setup()[pri:0, instance:com.main.testcases.LoginPageTest@484094a5]" started-at="2025-03-04T17:00:47 IST" name="setup" finished-at="2025-03-04T17:01:05 IST" duration-ms="17063" status="PASS">
          <reporter-output>
          </reporter-output>
        </test-method> <!-- setup -->
        <test-method signature="checkingEmailTextBox()[pri:1, instance:com.main.testcases.LoginPageTest@484094a5]" started-at="2025-03-04T17:01:05 IST" name="checkingEmailTextBox" finished-at="2025-03-04T17:01:05 IST" duration-ms="74" status="PASS">
          <reporter-output>
          </reporter-output>
        </test-method> <!-- checkingEmailTextBox -->
        <test-method is-config="true" signature="tearDown()[pri:0, instance:com.main.testcases.LoginPageTest@484094a5]" started-at="2025-03-04T17:01:05 IST" name="tearDown" finished-at="2025-03-04T17:01:05 IST" duration-ms="158" status="PASS">
          <reporter-output>
          </reporter-output>
        </test-method> <!-- tearDown -->
        <test-method is-config="true" signature="setup()[pri:0, instance:com.main.testcases.LoginPageTest@484094a5]" started-at="2025-03-04T17:01:05 IST" name="setup" finished-at="2025-03-04T17:01:13 IST" duration-ms="8345" status="PASS">
          <reporter-output>
          </reporter-output>
        </test-method> <!-- setup -->
        <test-method signature="checkingPasswordTextBox()[pri:2, instance:com.main.testcases.LoginPageTest@484094a5]" started-at="2025-03-04T17:01:13 IST" name="checkingPasswordTextBox" finished-at="2025-03-04T17:01:13 IST" duration-ms="116" status="PASS">
          <reporter-output>
          </reporter-output>
        </test-method> <!-- checkingPasswordTextBox -->
        <test-method is-config="true" signature="tearDown()[pri:0, instance:com.main.testcases.LoginPageTest@484094a5]" started-at="2025-03-04T17:01:13 IST" name="tearDown" finished-at="2025-03-04T17:01:13 IST" duration-ms="139" status="PASS">
          <reporter-output>
          </reporter-output>
        </test-method> <!-- tearDown -->
        <test-method is-config="true" signature="setup()[pri:0, instance:com.main.testcases.LoginPageTest@484094a5]" started-at="2025-03-04T17:01:13 IST" name="setup" finished-at="2025-03-04T17:01:24 IST" duration-ms="10226" status="PASS">
          <reporter-output>
          </reporter-output>
        </test-method> <!-- setup -->
        <test-method signature="checkingMainLoginButton()[pri:3, instance:com.main.testcases.LoginPageTest@484094a5]" started-at="2025-03-04T17:01:24 IST" name="checkingMainLoginButton" finished-at="2025-03-04T17:01:24 IST" duration-ms="121" status="PASS">
          <reporter-output>
          </reporter-output>
        </test-method> <!-- checkingMainLoginButton -->
        <test-method is-config="true" signature="tearDown()[pri:0, instance:com.main.testcases.LoginPageTest@484094a5]" started-at="2025-03-04T17:01:24 IST" name="tearDown" finished-at="2025-03-04T17:01:24 IST" duration-ms="128" status="PASS">
          <reporter-output>
          </reporter-output>
        </test-method> <!-- tearDown -->
      </class> <!-- com.main.testcases.LoginPageTest -->
    </test> <!-- Test -->
  </suite> <!-- Suite -->
</testng-results>
